     [echo] Build logged to build_${timestamp}.log
init:  duration 0 seconds

clean:
   [delete] Deleting directory D:\Projects\FunctionalTests\FOTF-MediaCenter\build
   [delete] Deleting D:\Projects\FunctionalTests\FOTF-MediaCenter\build\fotf_Config\AboutusCommonClass.class
   [delete] Deleting D:\Projects\FunctionalTests\FOTF-MediaCenter\build\fotf_Config\Basedriver.class
   [delete] Deleting D:\Projects\FunctionalTests\FOTF-MediaCenter\build\fotf_Config\Trigger.class
   [delete] Deleting directory D:\Projects\FunctionalTests\FOTF-MediaCenter\build\fotf_Config
   [delete] Deleting D:\Projects\FunctionalTests\FOTF-MediaCenter\build\fotf_Datasource\Obj_Sitecore_AboutusDatasource.class
   [delete] Deleting D:\Projects\FunctionalTests\FOTF-MediaCenter\build\fotf_Datasource\Opr_AboutUsDataSourceForCarouselItems_DataProvider.class
   [delete] Deleting D:\Projects\FunctionalTests\FOTF-MediaCenter\build\fotf_Datasource\Opr_AboutUsDataSourceForChildItems_DataProvider.class
   [delete] Deleting D:\Projects\FunctionalTests\FOTF-MediaCenter\build\fotf_Datasource\Opr_AboutUsDataSourceForGrandChildItems_DataProvider.class
   [delete] Deleting D:\Projects\FunctionalTests\FOTF-MediaCenter\build\fotf_Datasource\Opr_AboutUsDataSource_DataProvider.class
   [delete] Deleting D:\Projects\FunctionalTests\FOTF-MediaCenter\build\fotf_Datasource\Opr_Sitecore_AboutusDatasource.class
   [delete] Deleting D:\Projects\FunctionalTests\FOTF-MediaCenter\build\fotf_Datasource\Opr_Sitecore_CustomInitiativeDatasource.class
   [delete] Deleting directory D:\Projects\FunctionalTests\FOTF-MediaCenter\build\fotf_Datasource
   [delete] Deleting D:\Projects\FunctionalTests\FOTF-MediaCenter\build\fotf_DDF\ExcelLib.class
   [delete] Deleting D:\Projects\FunctionalTests\FOTF-MediaCenter\build\fotf_DDF\XmlUtil.class
   [delete] Deleting directory D:\Projects\FunctionalTests\FOTF-MediaCenter\build\fotf_DDF
   [delete] Deleting D:\Projects\FunctionalTests\FOTF-MediaCenter\build\fotf_Objects\Obj_Channel.class
   [delete] Deleting D:\Projects\FunctionalTests\FOTF-MediaCenter\build\fotf_Objects\Obj_Episode.class
   [delete] Deleting D:\Projects\FunctionalTests\FOTF-MediaCenter\build\fotf_Objects\Obj_Home.class
   [delete] Deleting D:\Projects\FunctionalTests\FOTF-MediaCenter\build\fotf_Objects\Obj_Sitecore_AboutUs.class
   [delete] Deleting D:\Projects\FunctionalTests\FOTF-MediaCenter\build\fotf_Objects\Obj_Sitecore_AboutUs_Article.class
   [delete] Deleting D:\Projects\FunctionalTests\FOTF-MediaCenter\build\fotf_Objects\Obj_Sitecore_AboutUs_FiveItem.class
   [delete] Deleting D:\Projects\FunctionalTests\FOTF-MediaCenter\build\fotf_Objects\Obj_Sitecore_AboutUs_FourItem.class
   [delete] Deleting D:\Projects\FunctionalTests\FOTF-MediaCenter\build\fotf_Objects\Obj_Sitecore_AboutUs_HeaderItem.class
   [delete] Deleting D:\Projects\FunctionalTests\FOTF-MediaCenter\build\fotf_Objects\Obj_Sitecore_AboutUs_OneItem.class
   [delete] Deleting D:\Projects\FunctionalTests\FOTF-MediaCenter\build\fotf_Objects\Obj_Sitecore_AboutUs_PageComponentHeader.class
   [delete] Deleting D:\Projects\FunctionalTests\FOTF-MediaCenter\build\fotf_Objects\Obj_Sitecore_AboutUs_Showhide.class
   [delete] Deleting D:\Projects\FunctionalTests\FOTF-MediaCenter\build\fotf_Objects\Obj_Sitecore_AboutUs_SixItem.class
   [delete] Deleting D:\Projects\FunctionalTests\FOTF-MediaCenter\build\fotf_Objects\Obj_Sitecore_AboutUs_ThreeItem.class
   [delete] Deleting D:\Projects\FunctionalTests\FOTF-MediaCenter\build\fotf_Objects\Obj_Sitecore_AboutUs_Timeline.class
   [delete] Deleting D:\Projects\FunctionalTests\FOTF-MediaCenter\build\fotf_Objects\Obj_Sitecore_AboutUs_TwoItem.class
   [delete] Deleting D:\Projects\FunctionalTests\FOTF-MediaCenter\build\fotf_Objects\Obj_Sitecore_CustomInitiative.class
   [delete] Deleting directory D:\Projects\FunctionalTests\FOTF-MediaCenter\build\fotf_Objects
   [delete] Deleting D:\Projects\FunctionalTests\FOTF-MediaCenter\build\fotf_Operations\Opr_AboutUs_AssertElement.class
   [delete] Deleting D:\Projects\FunctionalTests\FOTF-MediaCenter\build\fotf_Operations\Opr_AboutUs_AssertElement_Article.class
   [delete] Deleting D:\Projects\FunctionalTests\FOTF-MediaCenter\build\fotf_Operations\Opr_AboutUs_AssertElement_CustomInitiative.class
   [delete] Deleting D:\Projects\FunctionalTests\FOTF-MediaCenter\build\fotf_Operations\Opr_AboutUs_AssertElement_FiveItem.class
   [delete] Deleting D:\Projects\FunctionalTests\FOTF-MediaCenter\build\fotf_Operations\Opr_AboutUs_AssertElement_FourItem.class
   [delete] Deleting D:\Projects\FunctionalTests\FOTF-MediaCenter\build\fotf_Operations\Opr_AboutUs_AssertElement_HeaderItem.class
   [delete] Deleting D:\Projects\FunctionalTests\FOTF-MediaCenter\build\fotf_Operations\Opr_AboutUs_AssertElement_OneItem.class
   [delete] Deleting D:\Projects\FunctionalTests\FOTF-MediaCenter\build\fotf_Operations\Opr_AboutUs_AssertElement_PageComponentHeader.class
   [delete] Deleting D:\Projects\FunctionalTests\FOTF-MediaCenter\build\fotf_Operations\Opr_AboutUs_AssertElement_Showhide.class
   [delete] Deleting D:\Projects\FunctionalTests\FOTF-MediaCenter\build\fotf_Operations\Opr_AboutUs_AssertElement_SixItem.class
   [delete] Deleting D:\Projects\FunctionalTests\FOTF-MediaCenter\build\fotf_Operations\Opr_AboutUs_AssertElement_ThreeItem.class
   [delete] Deleting D:\Projects\FunctionalTests\FOTF-MediaCenter\build\fotf_Operations\Opr_AboutUs_AssertElement_Timeline.class
   [delete] Deleting D:\Projects\FunctionalTests\FOTF-MediaCenter\build\fotf_Operations\Opr_AboutUs_AssertElement_TwoItem.class
   [delete] Deleting D:\Projects\FunctionalTests\FOTF-MediaCenter\build\fotf_Operations\Opr_Channelpage.class
   [delete] Deleting D:\Projects\FunctionalTests\FOTF-MediaCenter\build\fotf_Operations\Opr_ContentEditor_AboutUs.class
   [delete] Deleting D:\Projects\FunctionalTests\FOTF-MediaCenter\build\fotf_Operations\Opr_Episodepage.class
   [delete] Deleting D:\Projects\FunctionalTests\FOTF-MediaCenter\build\fotf_Operations\Opr_Homepage.class
   [delete] Deleting D:\Projects\FunctionalTests\FOTF-MediaCenter\build\fotf_Operations\Opr_PageEditor_AboutUs.class
   [delete] Deleting D:\Projects\FunctionalTests\FOTF-MediaCenter\build\fotf_Operations\Opr_Sitecore_AboutUs.class
   [delete] Deleting D:\Projects\FunctionalTests\FOTF-MediaCenter\build\fotf_Operations\Opr_Sitecore_AboutUs_Assert.class
   [delete] Deleting directory D:\Projects\FunctionalTests\FOTF-MediaCenter\build\fotf_Operations
   [delete] Deleting D:\Projects\FunctionalTests\FOTF-MediaCenter\build\fotf_Testcase\AboutusPage_ContentEditor_Article.class
   [delete] Deleting D:\Projects\FunctionalTests\FOTF-MediaCenter\build\fotf_Testcase\AboutusPage_ContentEditor_CustomInitiative.class
   [delete] Deleting D:\Projects\FunctionalTests\FOTF-MediaCenter\build\fotf_Testcase\AboutusPage_ContentEditor_FiveItem.class
   [delete] Deleting D:\Projects\FunctionalTests\FOTF-MediaCenter\build\fotf_Testcase\AboutusPage_ContentEditor_FourItem.class
   [delete] Deleting D:\Projects\FunctionalTests\FOTF-MediaCenter\build\fotf_Testcase\AboutusPage_ContentEditor_Header.class
   [delete] Deleting D:\Projects\FunctionalTests\FOTF-MediaCenter\build\fotf_Testcase\AboutusPage_ContentEditor_OneItem.class
   [delete] Deleting D:\Projects\FunctionalTests\FOTF-MediaCenter\build\fotf_Testcase\AboutusPage_ContentEditor_PageComponentHeader.class
   [delete] Deleting D:\Projects\FunctionalTests\FOTF-MediaCenter\build\fotf_Testcase\AboutusPage_ContentEditor_Showhide.class
   [delete] Deleting D:\Projects\FunctionalTests\FOTF-MediaCenter\build\fotf_Testcase\AboutusPage_ContentEditor_SixItem.class
   [delete] Deleting D:\Projects\FunctionalTests\FOTF-MediaCenter\build\fotf_Testcase\AboutusPage_ContentEditor_ThreeItem.class
   [delete] Deleting D:\Projects\FunctionalTests\FOTF-MediaCenter\build\fotf_Testcase\AboutusPage_ContentEditor_Timeline.class
   [delete] Deleting D:\Projects\FunctionalTests\FOTF-MediaCenter\build\fotf_Testcase\AboutusPage_ContentEditor_TwoItem.class
   [delete] Deleting D:\Projects\FunctionalTests\FOTF-MediaCenter\build\fotf_Testcase\AboutusPage_PageEditor_Article.class
   [delete] Deleting D:\Projects\FunctionalTests\FOTF-MediaCenter\build\fotf_Testcase\AboutusPage_PageEditor_CustomInitiative.class
   [delete] Deleting D:\Projects\FunctionalTests\FOTF-MediaCenter\build\fotf_Testcase\AboutusPage_PageEditor_FiveItem.class
   [delete] Deleting D:\Projects\FunctionalTests\FOTF-MediaCenter\build\fotf_Testcase\AboutusPage_PageEditor_FourItem.class
   [delete] Deleting D:\Projects\FunctionalTests\FOTF-MediaCenter\build\fotf_Testcase\AboutusPage_PageEditor_Header.class
   [delete] Deleting D:\Projects\FunctionalTests\FOTF-MediaCenter\build\fotf_Testcase\AboutusPage_PageEditor_OneItem.class
   [delete] Deleting D:\Projects\FunctionalTests\FOTF-MediaCenter\build\fotf_Testcase\AboutusPage_PageEditor_PageComponentHeader.class
   [delete] Deleting D:\Projects\FunctionalTests\FOTF-MediaCenter\build\fotf_Testcase\AboutusPage_PageEditor_Showhide.class
   [delete] Deleting D:\Projects\FunctionalTests\FOTF-MediaCenter\build\fotf_Testcase\AboutusPage_PageEditor_SixItem.class
   [delete] Deleting D:\Projects\FunctionalTests\FOTF-MediaCenter\build\fotf_Testcase\AboutusPage_PageEditor_ThreeItem.class
   [delete] Deleting D:\Projects\FunctionalTests\FOTF-MediaCenter\build\fotf_Testcase\AboutusPage_PageEditor_Timeline.class
   [delete] Deleting D:\Projects\FunctionalTests\FOTF-MediaCenter\build\fotf_Testcase\AboutusPage_PageEditor_TwoItem.class
   [delete] Deleting D:\Projects\FunctionalTests\FOTF-MediaCenter\build\fotf_Testcase\Fotf_Channelpage.class
   [delete] Deleting D:\Projects\FunctionalTests\FOTF-MediaCenter\build\fotf_Testcase\Fotf_Episodepage.class
   [delete] Deleting D:\Projects\FunctionalTests\FOTF-MediaCenter\build\fotf_Testcase\Fotf_Homepage.class
   [delete] Deleting directory D:\Projects\FunctionalTests\FOTF-MediaCenter\build\fotf_Testcase
   [delete] Deleting directory D:\Projects\FunctionalTests\FOTF-MediaCenter\build
clean:  duration 0 seconds

compile:
   [delete] Directory does not exist: D:\Projects\FunctionalTests\FOTF-MediaCenter\build
     [echo] making directory...
    [mkdir] Created dir: D:\Projects\FunctionalTests\FOTF-MediaCenter\build
     [echo] classpath------: D:\Projects\FunctionalTests\FOTF-MediaCenter\src\lib_Files\SaxonLiaison.jar:D:\Projects\FunctionalTests\FOTF-MediaCenter\src\lib_Files\activation.jar:D:\Projects\FunctionalTests\FOTF-MediaCenter\src\lib_Files\ant-apache-log4j.jar:D:\Projects\FunctionalTests\FOTF-MediaCenter\src\lib_Files\ant-javamail-1.9.4.jar:D:\Projects\FunctionalTests\FOTF-MediaCenter\src\lib_Files\apache-mime4j-0.6.jar:D:\Projects\FunctionalTests\FOTF-MediaCenter\src\lib_Files\bsh-1.3.0.jar:D:\Projects\FunctionalTests\FOTF-MediaCenter\src\lib_Files\bsh-2.0b4.jar:D:\Projects\FunctionalTests\FOTF-MediaCenter\src\lib_Files\cglib-nodep-2.1_3.jar:D:\Projects\FunctionalTests\FOTF-MediaCenter\src\lib_Files\commons-codec-1.10.jar:D:\Projects\FunctionalTests\FOTF-MediaCenter\src\lib_Files\commons-collections-3.2.1.jar:D:\Projects\FunctionalTests\FOTF-MediaCenter\src\lib_Files\commons-el-1.0.jar:D:\Projects\FunctionalTests\FOTF-MediaCenter\src\lib_Files\commons-exec-1.3.jar:D:\Projects\FunctionalTests\FOTF-MediaCenter\src\lib_Files\commons-io-2.4.jar:D:\Projects\FunctionalTests\FOTF-MediaCenter\src\lib_Files\commons-lang3-3.4.jar:D:\Projects\FunctionalTests\FOTF-MediaCenter\src\lib_Files\commons-logging-1.1.3.jar:D:\Projects\FunctionalTests\FOTF-MediaCenter\src\lib_Files\commons-logging-1.2.jar:D:\Projects\FunctionalTests\FOTF-MediaCenter\src\lib_Files\cssparser-0.9.16.jar:D:\Projects\FunctionalTests\FOTF-MediaCenter\src\lib_Files\gson-2.3.1.jar:D:\Projects\FunctionalTests\FOTF-MediaCenter\src\lib_Files\guava-18.0.jar:D:\Projects\FunctionalTests\FOTF-MediaCenter\src\lib_Files\hamcrest-core-1.3.jar:D:\Projects\FunctionalTests\FOTF-MediaCenter\src\lib_Files\hamcrest-library-1.3.jar:D:\Projects\FunctionalTests\FOTF-MediaCenter\src\lib_Files\htmlunit-2.17.jar:D:\Projects\FunctionalTests\FOTF-MediaCenter\src\lib_Files\htmlunit-2.18.jar:D:\Projects\FunctionalTests\FOTF-MediaCenter\src\lib_Files\htmlunit-core-js-2.17.jar:D:\Projects\FunctionalTests\FOTF-MediaCenter\src\lib_Files\httpclient-4.4.1.jar:D:\Projects\FunctionalTests\FOTF-MediaCenter\src\lib_Files\httpclient-4.5.1.jar:D:\Projects\FunctionalTests\FOTF-MediaCenter\src\lib_Files\httpcore-4.4.1.jar:D:\Projects\FunctionalTests\FOTF-MediaCenter\src\lib_Files\httpcore-4.4.3.jar:D:\Projects\FunctionalTests\FOTF-MediaCenter\src\lib_Files\httpmime-4.4.1.jar:D:\Projects\FunctionalTests\FOTF-MediaCenter\src\lib_Files\httpmime-4.5.jar:D:\Projects\FunctionalTests\FOTF-MediaCenter\src\lib_Files\jasper-compiler-5.5.15.jar:D:\Projects\FunctionalTests\FOTF-MediaCenter\src\lib_Files\jasper-compiler-jdt-5.5.15.jar:D:\Projects\FunctionalTests\FOTF-MediaCenter\src\lib_Files\jasper-runtime-5.5.15.jar:D:\Projects\FunctionalTests\FOTF-MediaCenter\src\lib_Files\javax.mail-1.4.4.jar:D:\Projects\FunctionalTests\FOTF-MediaCenter\src\lib_Files\javax.servlet-api-3.1.0.jar:D:\Projects\FunctionalTests\FOTF-MediaCenter\src\lib_Files\jcommander-1.29.jar:D:\Projects\FunctionalTests\FOTF-MediaCenter\src\lib_Files\jcommander-1.48.jar:D:\Projects\FunctionalTests\FOTF-MediaCenter\src\lib_Files\jetty-continuation-9.2.13.v20150730.jar:D:\Projects\FunctionalTests\FOTF-MediaCenter\src\lib_Files\jetty-http-9.2.13.v20150730.jar:D:\Projects\FunctionalTests\FOTF-MediaCenter\src\lib_Files\jetty-io-9.2.11.v20150529.jar:D:\Projects\FunctionalTests\FOTF-MediaCenter\src\lib_Files\jetty-io-9.2.13.v20150730.jar:D:\Projects\FunctionalTests\FOTF-MediaCenter\src\lib_Files\jetty-jmx-9.2.13.v20150730.jar:D:\Projects\FunctionalTests\FOTF-MediaCenter\src\lib_Files\jetty-security-9.2.13.v20150730.jar:D:\Projects\FunctionalTests\FOTF-MediaCenter\src\lib_Files\jetty-server-9.2.13.v20150730.jar:D:\Projects\FunctionalTests\FOTF-MediaCenter\src\lib_Files\jetty-servlet-9.2.13.v20150730.jar:D:\Projects\FunctionalTests\FOTF-MediaCenter\src\lib_Files\jetty-servlets-9.2.13.v20150730.jar:D:\Projects\FunctionalTests\FOTF-MediaCenter\src\lib_Files\jetty-util-9.2.11.v20150529.jar:D:\Projects\FunctionalTests\FOTF-MediaCenter\src\lib_Files\jetty-util-9.2.13.v20150730.jar:D:\Projects\FunctionalTests\FOTF-MediaCenter\src\lib_Files\jna-4.1.0.jar:D:\Projects\FunctionalTests\FOTF-MediaCenter\src\lib_Files\jna-platform-4.1.0.jar:D:\Projects\FunctionalTests\FOTF-MediaCenter\src\lib_Files\jsp-api-2.0.jar:D:\Projects\FunctionalTests\FOTF-MediaCenter\src\lib_Files\junit-4.12.jar:D:\Projects\FunctionalTests\FOTF-MediaCenter\src\lib_Files\junit-dep-4.11.jar:D:\Projects\FunctionalTests\FOTF-MediaCenter\src\lib_Files\jxl-2.6.12.jar:D:\Projects\FunctionalTests\FOTF-MediaCenter\src\lib_Files\log4j-1.2.17.jar:D:\Projects\FunctionalTests\FOTF-MediaCenter\src\lib_Files\mail.jar:D:\Projects\FunctionalTests\FOTF-MediaCenter\src\lib_Files\nekohtml-1.9.22.jar:D:\Projects\FunctionalTests\FOTF-MediaCenter\src\lib_Files\netty-3.5.7.Final.jar:D:\Projects\FunctionalTests\FOTF-MediaCenter\src\lib_Files\phantomjsdriver-1.2.1.jar:D:\Projects\FunctionalTests\FOTF-MediaCenter\src\lib_Files\poi-3.5-FINAL-20090928.jar:D:\Projects\FunctionalTests\FOTF-MediaCenter\src\lib_Files\sac-1.3.jar:D:\Projects\FunctionalTests\FOTF-MediaCenter\src\lib_Files\saxon-8.7.jar:D:\Projects\FunctionalTests\FOTF-MediaCenter\src\lib_Files\saxon8-dom.jar:D:\Projects\FunctionalTests\FOTF-MediaCenter\src\lib_Files\selenium-java-2.53.0-srcs.jar:D:\Projects\FunctionalTests\FOTF-MediaCenter\src\lib_Files\selenium-java-2.53.0.jar:D:\Projects\FunctionalTests\FOTF-MediaCenter\src\lib_Files\serializer-2.7.2.jar:D:\Projects\FunctionalTests\FOTF-MediaCenter\src\lib_Files\testng-6.9.6.jar:D:\Projects\FunctionalTests\FOTF-MediaCenter\src\lib_Files\websocket-api-9.2.13.v20150730.jar:D:\Projects\FunctionalTests\FOTF-MediaCenter\src\lib_Files\websocket-client-9.2.13.v20150730.jar:D:\Projects\FunctionalTests\FOTF-MediaCenter\src\lib_Files\websocket-common-9.2.13.v20150730.jar:D:\Projects\FunctionalTests\FOTF-MediaCenter\src\lib_Files\xalan-2.7.2.jar:D:\Projects\FunctionalTests\FOTF-MediaCenter\src\lib_Files\xercesImpl-2.11.0.jar:D:\Projects\FunctionalTests\FOTF-MediaCenter\src\lib_Files\xml-apis-1.4.01.jar
     [echo] compiling...
    [javac] fotf_Config\AboutusCommonClass.java added as fotf_Config\AboutusCommonClass.class doesn't exist.
    [javac] fotf_Config\Basedriver.java added as fotf_Config\Basedriver.class doesn't exist.
    [javac] fotf_Config\Trigger.java added as fotf_Config\Trigger.class doesn't exist.
    [javac] D:\Projects\FunctionalTests\FOTF-MediaCenter\src\fotf_DDF\AboutUs-DataSource.properties skipped - don't know how to handle it
    [javac] D:\Projects\FunctionalTests\FOTF-MediaCenter\src\fotf_DDF\CustomInitiative-DataSource.properties skipped - don't know how to handle it
    [javac] fotf_DDF\ExcelLib.java added as fotf_DDF\ExcelLib.class doesn't exist.
    [javac] D:\Projects\FunctionalTests\FOTF-MediaCenter\src\fotf_DDF\ExpectedData.properties skipped - don't know how to handle it
    [javac] fotf_DDF\XmlUtil.java added as fotf_DDF\XmlUtil.class doesn't exist.
    [javac] fotf_Datasource\Obj_Sitecore_AboutusDatasource.java added as fotf_Datasource\Obj_Sitecore_AboutusDatasource.class doesn't exist.
    [javac] fotf_Datasource\Opr_AboutUsDataSourceForCarouselItems_DataProvider.java added as fotf_Datasource\Opr_AboutUsDataSourceForCarouselItems_DataProvider.class doesn't exist.
    [javac] fotf_Datasource\Opr_AboutUsDataSourceForChildItems_DataProvider.java added as fotf_Datasource\Opr_AboutUsDataSourceForChildItems_DataProvider.class doesn't exist.
    [javac] fotf_Datasource\Opr_AboutUsDataSourceForGrandChildItems_DataProvider.java added as fotf_Datasource\Opr_AboutUsDataSourceForGrandChildItems_DataProvider.class doesn't exist.
    [javac] fotf_Datasource\Opr_AboutUsDataSource_DataProvider.java added as fotf_Datasource\Opr_AboutUsDataSource_DataProvider.class doesn't exist.
    [javac] fotf_Datasource\Opr_Sitecore_AboutusDatasource.java added as fotf_Datasource\Opr_Sitecore_AboutusDatasource.class doesn't exist.
    [javac] fotf_Datasource\Opr_Sitecore_CustomInitiativeDatasource.java added as fotf_Datasource\Opr_Sitecore_CustomInitiativeDatasource.class doesn't exist.
    [javac] fotf_Objects\Obj_Channel.java added as fotf_Objects\Obj_Channel.class doesn't exist.
    [javac] fotf_Objects\Obj_Episode.java added as fotf_Objects\Obj_Episode.class doesn't exist.
    [javac] fotf_Objects\Obj_Home.java added as fotf_Objects\Obj_Home.class doesn't exist.
    [javac] fotf_Objects\Obj_Sitecore_AboutUs.java added as fotf_Objects\Obj_Sitecore_AboutUs.class doesn't exist.
    [javac] fotf_Objects\Obj_Sitecore_AboutUs_Article.java added as fotf_Objects\Obj_Sitecore_AboutUs_Article.class doesn't exist.
    [javac] fotf_Objects\Obj_Sitecore_AboutUs_FiveItem.java added as fotf_Objects\Obj_Sitecore_AboutUs_FiveItem.class doesn't exist.
    [javac] fotf_Objects\Obj_Sitecore_AboutUs_FourItem.java added as fotf_Objects\Obj_Sitecore_AboutUs_FourItem.class doesn't exist.
    [javac] fotf_Objects\Obj_Sitecore_AboutUs_HeaderItem.java added as fotf_Objects\Obj_Sitecore_AboutUs_HeaderItem.class doesn't exist.
    [javac] fotf_Objects\Obj_Sitecore_AboutUs_OneItem.java added as fotf_Objects\Obj_Sitecore_AboutUs_OneItem.class doesn't exist.
    [javac] fotf_Objects\Obj_Sitecore_AboutUs_PageComponentHeader.java added as fotf_Objects\Obj_Sitecore_AboutUs_PageComponentHeader.class doesn't exist.
    [javac] fotf_Objects\Obj_Sitecore_AboutUs_Showhide.java added as fotf_Objects\Obj_Sitecore_AboutUs_Showhide.class doesn't exist.
    [javac] fotf_Objects\Obj_Sitecore_AboutUs_SixItem.java added as fotf_Objects\Obj_Sitecore_AboutUs_SixItem.class doesn't exist.
    [javac] fotf_Objects\Obj_Sitecore_AboutUs_ThreeItem.java added as fotf_Objects\Obj_Sitecore_AboutUs_ThreeItem.class doesn't exist.
    [javac] fotf_Objects\Obj_Sitecore_AboutUs_Timeline.java added as fotf_Objects\Obj_Sitecore_AboutUs_Timeline.class doesn't exist.
    [javac] fotf_Objects\Obj_Sitecore_AboutUs_TwoItem.java added as fotf_Objects\Obj_Sitecore_AboutUs_TwoItem.class doesn't exist.
    [javac] fotf_Objects\Obj_Sitecore_CustomInitiative.java added as fotf_Objects\Obj_Sitecore_CustomInitiative.class doesn't exist.
    [javac] fotf_Operations\Opr_AboutUs_AssertElement.java added as fotf_Operations\Opr_AboutUs_AssertElement.class doesn't exist.
    [javac] fotf_Operations\Opr_AboutUs_AssertElement_Article.java added as fotf_Operations\Opr_AboutUs_AssertElement_Article.class doesn't exist.
    [javac] fotf_Operations\Opr_AboutUs_AssertElement_CustomInitiative.java added as fotf_Operations\Opr_AboutUs_AssertElement_CustomInitiative.class doesn't exist.
    [javac] fotf_Operations\Opr_AboutUs_AssertElement_FiveItem.java added as fotf_Operations\Opr_AboutUs_AssertElement_FiveItem.class doesn't exist.
    [javac] fotf_Operations\Opr_AboutUs_AssertElement_FourItem.java added as fotf_Operations\Opr_AboutUs_AssertElement_FourItem.class doesn't exist.
    [javac] fotf_Operations\Opr_AboutUs_AssertElement_HeaderItem.java added as fotf_Operations\Opr_AboutUs_AssertElement_HeaderItem.class doesn't exist.
    [javac] fotf_Operations\Opr_AboutUs_AssertElement_OneItem.java added as fotf_Operations\Opr_AboutUs_AssertElement_OneItem.class doesn't exist.
    [javac] fotf_Operations\Opr_AboutUs_AssertElement_PageComponentHeader.java added as fotf_Operations\Opr_AboutUs_AssertElement_PageComponentHeader.class doesn't exist.
    [javac] fotf_Operations\Opr_AboutUs_AssertElement_Showhide.java added as fotf_Operations\Opr_AboutUs_AssertElement_Showhide.class doesn't exist.
    [javac] fotf_Operations\Opr_AboutUs_AssertElement_SixItem.java added as fotf_Operations\Opr_AboutUs_AssertElement_SixItem.class doesn't exist.
    [javac] fotf_Operations\Opr_AboutUs_AssertElement_ThreeItem.java added as fotf_Operations\Opr_AboutUs_AssertElement_ThreeItem.class doesn't exist.
    [javac] fotf_Operations\Opr_AboutUs_AssertElement_Timeline.java added as fotf_Operations\Opr_AboutUs_AssertElement_Timeline.class doesn't exist.
    [javac] fotf_Operations\Opr_AboutUs_AssertElement_TwoItem.java added as fotf_Operations\Opr_AboutUs_AssertElement_TwoItem.class doesn't exist.
    [javac] fotf_Operations\Opr_Channelpage.java added as fotf_Operations\Opr_Channelpage.class doesn't exist.
    [javac] fotf_Operations\Opr_ContentEditor_AboutUs.java added as fotf_Operations\Opr_ContentEditor_AboutUs.class doesn't exist.
    [javac] fotf_Operations\Opr_Episodepage.java added as fotf_Operations\Opr_Episodepage.class doesn't exist.
    [javac] fotf_Operations\Opr_Homepage.java added as fotf_Operations\Opr_Homepage.class doesn't exist.
    [javac] fotf_Operations\Opr_PageEditor_AboutUs.java added as fotf_Operations\Opr_PageEditor_AboutUs.class doesn't exist.
    [javac] fotf_Operations\Opr_Sitecore_AboutUs.java added as fotf_Operations\Opr_Sitecore_AboutUs.class doesn't exist.
    [javac] fotf_Operations\Opr_Sitecore_AboutUs_Assert.java added as fotf_Operations\Opr_Sitecore_AboutUs_Assert.class doesn't exist.
    [javac] fotf_Testcase\AboutusPage_ContentEditor_Article.java added as fotf_Testcase\AboutusPage_ContentEditor_Article.class doesn't exist.
    [javac] fotf_Testcase\AboutusPage_ContentEditor_CustomInitiative.java added as fotf_Testcase\AboutusPage_ContentEditor_CustomInitiative.class doesn't exist.
    [javac] fotf_Testcase\AboutusPage_ContentEditor_FiveItem.java added as fotf_Testcase\AboutusPage_ContentEditor_FiveItem.class doesn't exist.
    [javac] fotf_Testcase\AboutusPage_ContentEditor_FourItem.java added as fotf_Testcase\AboutusPage_ContentEditor_FourItem.class doesn't exist.
    [javac] fotf_Testcase\AboutusPage_ContentEditor_Header.java added as fotf_Testcase\AboutusPage_ContentEditor_Header.class doesn't exist.
    [javac] fotf_Testcase\AboutusPage_ContentEditor_OneItem.java added as fotf_Testcase\AboutusPage_ContentEditor_OneItem.class doesn't exist.
    [javac] fotf_Testcase\AboutusPage_ContentEditor_PageComponentHeader.java added as fotf_Testcase\AboutusPage_ContentEditor_PageComponentHeader.class doesn't exist.
    [javac] fotf_Testcase\AboutusPage_ContentEditor_Showhide.java added as fotf_Testcase\AboutusPage_ContentEditor_Showhide.class doesn't exist.
    [javac] fotf_Testcase\AboutusPage_ContentEditor_SixItem.java added as fotf_Testcase\AboutusPage_ContentEditor_SixItem.class doesn't exist.
    [javac] fotf_Testcase\AboutusPage_ContentEditor_ThreeItem.java added as fotf_Testcase\AboutusPage_ContentEditor_ThreeItem.class doesn't exist.
    [javac] fotf_Testcase\AboutusPage_ContentEditor_Timeline.java added as fotf_Testcase\AboutusPage_ContentEditor_Timeline.class doesn't exist.
    [javac] fotf_Testcase\AboutusPage_ContentEditor_TwoItem.java added as fotf_Testcase\AboutusPage_ContentEditor_TwoItem.class doesn't exist.
    [javac] fotf_Testcase\AboutusPage_PageEditor_Article.java added as fotf_Testcase\AboutusPage_PageEditor_Article.class doesn't exist.
    [javac] fotf_Testcase\AboutusPage_PageEditor_CustomInitiative.java added as fotf_Testcase\AboutusPage_PageEditor_CustomInitiative.class doesn't exist.
    [javac] fotf_Testcase\AboutusPage_PageEditor_FiveItem.java added as fotf_Testcase\AboutusPage_PageEditor_FiveItem.class doesn't exist.
    [javac] fotf_Testcase\AboutusPage_PageEditor_FourItem.java added as fotf_Testcase\AboutusPage_PageEditor_FourItem.class doesn't exist.
    [javac] fotf_Testcase\AboutusPage_PageEditor_Header.java added as fotf_Testcase\AboutusPage_PageEditor_Header.class doesn't exist.
    [javac] fotf_Testcase\AboutusPage_PageEditor_OneItem.java added as fotf_Testcase\AboutusPage_PageEditor_OneItem.class doesn't exist.
    [javac] fotf_Testcase\AboutusPage_PageEditor_PageComponentHeader.java added as fotf_Testcase\AboutusPage_PageEditor_PageComponentHeader.class doesn't exist.
    [javac] fotf_Testcase\AboutusPage_PageEditor_Showhide.java added as fotf_Testcase\AboutusPage_PageEditor_Showhide.class doesn't exist.
    [javac] fotf_Testcase\AboutusPage_PageEditor_SixItem.java added as fotf_Testcase\AboutusPage_PageEditor_SixItem.class doesn't exist.
    [javac] fotf_Testcase\AboutusPage_PageEditor_ThreeItem.java added as fotf_Testcase\AboutusPage_PageEditor_ThreeItem.class doesn't exist.
    [javac] fotf_Testcase\AboutusPage_PageEditor_Timeline.java added as fotf_Testcase\AboutusPage_PageEditor_Timeline.class doesn't exist.
    [javac] fotf_Testcase\AboutusPage_PageEditor_TwoItem.java added as fotf_Testcase\AboutusPage_PageEditor_TwoItem.class doesn't exist.
    [javac] fotf_Testcase\Fotf_Channelpage.java added as fotf_Testcase\Fotf_Channelpage.class doesn't exist.
    [javac] fotf_Testcase\Fotf_Episodepage.java added as fotf_Testcase\Fotf_Episodepage.class doesn't exist.
    [javac] fotf_Testcase\Fotf_Homepage.java added as fotf_Testcase\Fotf_Homepage.class doesn't exist.
    [javac] D:\Projects\FunctionalTests\FOTF-MediaCenter\src\lib_Files\SaxonLiaison.jar skipped - don't know how to handle it
    [javac] D:\Projects\FunctionalTests\FOTF-MediaCenter\src\lib_Files\activation.jar skipped - don't know how to handle it
    [javac] D:\Projects\FunctionalTests\FOTF-MediaCenter\src\lib_Files\ant-apache-log4j.jar skipped - don't know how to handle it
    [javac] D:\Projects\FunctionalTests\FOTF-MediaCenter\src\lib_Files\ant-apache-log4j.pom skipped - don't know how to handle it
    [javac] D:\Projects\FunctionalTests\FOTF-MediaCenter\src\lib_Files\ant-javamail-1.9.4.jar skipped - don't know how to handle it
    [javac] D:\Projects\FunctionalTests\FOTF-MediaCenter\src\lib_Files\apache-mime4j-0.6.jar skipped - don't know how to handle it
    [javac] D:\Projects\FunctionalTests\FOTF-MediaCenter\src\lib_Files\bsh-1.3.0.jar skipped - don't know how to handle it
    [javac] D:\Projects\FunctionalTests\FOTF-MediaCenter\src\lib_Files\bsh-2.0b4.jar skipped - don't know how to handle it
    [javac] D:\Projects\FunctionalTests\FOTF-MediaCenter\src\lib_Files\cglib-nodep-2.1_3.jar skipped - don't know how to handle it
    [javac] D:\Projects\FunctionalTests\FOTF-MediaCenter\src\lib_Files\commons-codec-1.10.jar skipped - don't know how to handle it
    [javac] D:\Projects\FunctionalTests\FOTF-MediaCenter\src\lib_Files\commons-collections-3.2.1.jar skipped - don't know how to handle it
    [javac] D:\Projects\FunctionalTests\FOTF-MediaCenter\src\lib_Files\commons-el-1.0.jar skipped - don't know how to handle it
    [javac] D:\Projects\FunctionalTests\FOTF-MediaCenter\src\lib_Files\commons-exec-1.3.jar skipped - don't know how to handle it
    [javac] D:\Projects\FunctionalTests\FOTF-MediaCenter\src\lib_Files\commons-io-2.4.jar skipped - don't know how to handle it
    [javac] D:\Projects\FunctionalTests\FOTF-MediaCenter\src\lib_Files\commons-lang3-3.4.jar skipped - don't know how to handle it
    [javac] D:\Projects\FunctionalTests\FOTF-MediaCenter\src\lib_Files\commons-logging-1.1.3.jar skipped - don't know how to handle it
    [javac] D:\Projects\FunctionalTests\FOTF-MediaCenter\src\lib_Files\commons-logging-1.2.jar skipped - don't know how to handle it
    [javac] D:\Projects\FunctionalTests\FOTF-MediaCenter\src\lib_Files\cssparser-0.9.16.jar skipped - don't know how to handle it
    [javac] D:\Projects\FunctionalTests\FOTF-MediaCenter\src\lib_Files\gson-2.3.1.jar skipped - don't know how to handle it
    [javac] D:\Projects\FunctionalTests\FOTF-MediaCenter\src\lib_Files\guava-18.0.jar skipped - don't know how to handle it
    [javac] D:\Projects\FunctionalTests\FOTF-MediaCenter\src\lib_Files\hamcrest-core-1.3.jar skipped - don't know how to handle it
    [javac] D:\Projects\FunctionalTests\FOTF-MediaCenter\src\lib_Files\hamcrest-library-1.3.jar skipped - don't know how to handle it
    [javac] D:\Projects\FunctionalTests\FOTF-MediaCenter\src\lib_Files\htmlunit-2.17.jar skipped - don't know how to handle it
    [javac] D:\Projects\FunctionalTests\FOTF-MediaCenter\src\lib_Files\htmlunit-2.18.jar skipped - don't know how to handle it
    [javac] D:\Projects\FunctionalTests\FOTF-MediaCenter\src\lib_Files\htmlunit-core-js-2.17.jar skipped - don't know how to handle it
    [javac] D:\Projects\FunctionalTests\FOTF-MediaCenter\src\lib_Files\httpclient-4.4.1.jar skipped - don't know how to handle it
    [javac] D:\Projects\FunctionalTests\FOTF-MediaCenter\src\lib_Files\httpclient-4.5.1.jar skipped - don't know how to handle it
    [javac] D:\Projects\FunctionalTests\FOTF-MediaCenter\src\lib_Files\httpcore-4.4.1.jar skipped - don't know how to handle it
    [javac] D:\Projects\FunctionalTests\FOTF-MediaCenter\src\lib_Files\httpcore-4.4.3.jar skipped - don't know how to handle it
    [javac] D:\Projects\FunctionalTests\FOTF-MediaCenter\src\lib_Files\httpmime-4.4.1.jar skipped - don't know how to handle it
    [javac] D:\Projects\FunctionalTests\FOTF-MediaCenter\src\lib_Files\httpmime-4.5.jar skipped - don't know how to handle it
    [javac] D:\Projects\FunctionalTests\FOTF-MediaCenter\src\lib_Files\jasper-compiler-5.5.15.jar skipped - don't know how to handle it
    [javac] D:\Projects\FunctionalTests\FOTF-MediaCenter\src\lib_Files\jasper-compiler-jdt-5.5.15.jar skipped - don't know how to handle it
    [javac] D:\Projects\FunctionalTests\FOTF-MediaCenter\src\lib_Files\jasper-runtime-5.5.15.jar skipped - don't know how to handle it
    [javac] D:\Projects\FunctionalTests\FOTF-MediaCenter\src\lib_Files\javax.mail-1.4.4.jar skipped - don't know how to handle it
    [javac] D:\Projects\FunctionalTests\FOTF-MediaCenter\src\lib_Files\javax.servlet-api-3.1.0.jar skipped - don't know how to handle it
    [javac] D:\Projects\FunctionalTests\FOTF-MediaCenter\src\lib_Files\jcommander-1.29.jar skipped - don't know how to handle it
    [javac] D:\Projects\FunctionalTests\FOTF-MediaCenter\src\lib_Files\jcommander-1.48.jar skipped - don't know how to handle it
    [javac] D:\Projects\FunctionalTests\FOTF-MediaCenter\src\lib_Files\jetty-continuation-9.2.13.v20150730.jar skipped - don't know how to handle it
    [javac] D:\Projects\FunctionalTests\FOTF-MediaCenter\src\lib_Files\jetty-http-9.2.13.v20150730.jar skipped - don't know how to handle it
    [javac] D:\Projects\FunctionalTests\FOTF-MediaCenter\src\lib_Files\jetty-io-9.2.11.v20150529.jar skipped - don't know how to handle it
    [javac] D:\Projects\FunctionalTests\FOTF-MediaCenter\src\lib_Files\jetty-io-9.2.13.v20150730.jar skipped - don't know how to handle it
    [javac] D:\Projects\FunctionalTests\FOTF-MediaCenter\src\lib_Files\jetty-jmx-9.2.13.v20150730.jar skipped - don't know how to handle it
    [javac] D:\Projects\FunctionalTests\FOTF-MediaCenter\src\lib_Files\jetty-security-9.2.13.v20150730.jar skipped - don't know how to handle it
    [javac] D:\Projects\FunctionalTests\FOTF-MediaCenter\src\lib_Files\jetty-server-9.2.13.v20150730.jar skipped - don't know how to handle it
    [javac] D:\Projects\FunctionalTests\FOTF-MediaCenter\src\lib_Files\jetty-servlet-9.2.13.v20150730.jar skipped - don't know how to handle it
    [javac] D:\Projects\FunctionalTests\FOTF-MediaCenter\src\lib_Files\jetty-servlets-9.2.13.v20150730.jar skipped - don't know how to handle it
    [javac] D:\Projects\FunctionalTests\FOTF-MediaCenter\src\lib_Files\jetty-util-9.2.11.v20150529.jar skipped - don't know how to handle it
    [javac] D:\Projects\FunctionalTests\FOTF-MediaCenter\src\lib_Files\jetty-util-9.2.13.v20150730.jar skipped - don't know how to handle it
    [javac] D:\Projects\FunctionalTests\FOTF-MediaCenter\src\lib_Files\jna-4.1.0.jar skipped - don't know how to handle it
    [javac] D:\Projects\FunctionalTests\FOTF-MediaCenter\src\lib_Files\jna-platform-4.1.0.jar skipped - don't know how to handle it
    [javac] D:\Projects\FunctionalTests\FOTF-MediaCenter\src\lib_Files\jsp-api-2.0.jar skipped - don't know how to handle it
    [javac] D:\Projects\FunctionalTests\FOTF-MediaCenter\src\lib_Files\junit-4.12.jar skipped - don't know how to handle it
    [javac] D:\Projects\FunctionalTests\FOTF-MediaCenter\src\lib_Files\junit-dep-4.11.jar skipped - don't know how to handle it
    [javac] D:\Projects\FunctionalTests\FOTF-MediaCenter\src\lib_Files\jxl-2.6.12.jar skipped - don't know how to handle it
    [javac] D:\Projects\FunctionalTests\FOTF-MediaCenter\src\lib_Files\log4j-1.2.17.jar skipped - don't know how to handle it
    [javac] D:\Projects\FunctionalTests\FOTF-MediaCenter\src\lib_Files\mail.jar skipped - don't know how to handle it
    [javac] D:\Projects\FunctionalTests\FOTF-MediaCenter\src\lib_Files\nekohtml-1.9.22.jar skipped - don't know how to handle it
    [javac] D:\Projects\FunctionalTests\FOTF-MediaCenter\src\lib_Files\netty-3.5.7.Final.jar skipped - don't know how to handle it
    [javac] D:\Projects\FunctionalTests\FOTF-MediaCenter\src\lib_Files\phantomjsdriver-1.2.1.jar skipped - don't know how to handle it
    [javac] D:\Projects\FunctionalTests\FOTF-MediaCenter\src\lib_Files\poi-3.5-FINAL-20090928.jar skipped - don't know how to handle it
    [javac] D:\Projects\FunctionalTests\FOTF-MediaCenter\src\lib_Files\sac-1.3.jar skipped - don't know how to handle it
    [javac] D:\Projects\FunctionalTests\FOTF-MediaCenter\src\lib_Files\saxon-8.7.jar skipped - don't know how to handle it
    [javac] D:\Projects\FunctionalTests\FOTF-MediaCenter\src\lib_Files\saxon8-dom.jar skipped - don't know how to handle it
    [javac] D:\Projects\FunctionalTests\FOTF-MediaCenter\src\lib_Files\selenium-java-2.53.0-srcs.jar skipped - don't know how to handle it
    [javac] D:\Projects\FunctionalTests\FOTF-MediaCenter\src\lib_Files\selenium-java-2.53.0.jar skipped - don't know how to handle it
    [javac] D:\Projects\FunctionalTests\FOTF-MediaCenter\src\lib_Files\serializer-2.7.2.jar skipped - don't know how to handle it
    [javac] D:\Projects\FunctionalTests\FOTF-MediaCenter\src\lib_Files\testng-6.9.6.jar skipped - don't know how to handle it
    [javac] D:\Projects\FunctionalTests\FOTF-MediaCenter\src\lib_Files\websocket-api-9.2.13.v20150730.jar skipped - don't know how to handle it
    [javac] D:\Projects\FunctionalTests\FOTF-MediaCenter\src\lib_Files\websocket-client-9.2.13.v20150730.jar skipped - don't know how to handle it
    [javac] D:\Projects\FunctionalTests\FOTF-MediaCenter\src\lib_Files\websocket-common-9.2.13.v20150730.jar skipped - don't know how to handle it
    [javac] D:\Projects\FunctionalTests\FOTF-MediaCenter\src\lib_Files\xalan-2.7.2.jar skipped - don't know how to handle it
    [javac] D:\Projects\FunctionalTests\FOTF-MediaCenter\src\lib_Files\xercesImpl-2.11.0.jar skipped - don't know how to handle it
    [javac] D:\Projects\FunctionalTests\FOTF-MediaCenter\src\lib_Files\xml-apis-1.4.01.jar skipped - don't know how to handle it
    [javac] D:\Projects\FunctionalTests\FOTF-MediaCenter\src\xslt\testng-results.xsl skipped - don't know how to handle it
    [javac] Compiling 75 source files to D:\Projects\FunctionalTests\FOTF-MediaCenter\build
    [javac] Using modern compiler
    [javac] 
    [javac]           WARNING
    [javac] 
    [javac] The -source switch defaults to 1.8 in JDK 1.8.
    [javac] If you specify -target 1.7 you now must also specify -source 1.7.
    [javac] Ant will implicitly add -source 1.7 for you.  Please change your build file.
    [javac] Compilation arguments:
'-d'
'D:\Projects\FunctionalTests\FOTF-MediaCenter\build'
'-classpath'
'D:\Projects\FunctionalTests\FOTF-MediaCenter\build;D:\Projects\FunctionalTests\FOTF-MediaCenter\src\lib_Files\SaxonLiaison.jar;D:\Projects\FunctionalTests\FOTF-MediaCenter\src\lib_Files\activation.jar;D:\Projects\FunctionalTests\FOTF-MediaCenter\src\lib_Files\ant-apache-log4j.jar;D:\Projects\FunctionalTests\FOTF-MediaCenter\src\lib_Files\ant-javamail-1.9.4.jar;D:\Projects\FunctionalTests\FOTF-MediaCenter\src\lib_Files\apache-mime4j-0.6.jar;D:\Projects\FunctionalTests\FOTF-MediaCenter\src\lib_Files\bsh-1.3.0.jar;D:\Projects\FunctionalTests\FOTF-MediaCenter\src\lib_Files\bsh-2.0b4.jar;D:\Projects\FunctionalTests\FOTF-MediaCenter\src\lib_Files\cglib-nodep-2.1_3.jar;D:\Projects\FunctionalTests\FOTF-MediaCenter\src\lib_Files\commons-codec-1.10.jar;D:\Projects\FunctionalTests\FOTF-MediaCenter\src\lib_Files\commons-collections-3.2.1.jar;D:\Projects\FunctionalTests\FOTF-MediaCenter\src\lib_Files\commons-el-1.0.jar;D:\Projects\FunctionalTests\FOTF-MediaCenter\src\lib_Files\commons-exec-1.3.jar;D:\Projects\FunctionalTests\FOTF-MediaCenter\src\lib_Files\commons-io-2.4.jar;D:\Projects\FunctionalTests\FOTF-MediaCenter\src\lib_Files\commons-lang3-3.4.jar;D:\Projects\FunctionalTests\FOTF-MediaCenter\src\lib_Files\commons-logging-1.1.3.jar;D:\Projects\FunctionalTests\FOTF-MediaCenter\src\lib_Files\commons-logging-1.2.jar;D:\Projects\FunctionalTests\FOTF-MediaCenter\src\lib_Files\cssparser-0.9.16.jar;D:\Projects\FunctionalTests\FOTF-MediaCenter\src\lib_Files\gson-2.3.1.jar;D:\Projects\FunctionalTests\FOTF-MediaCenter\src\lib_Files\guava-18.0.jar;D:\Projects\FunctionalTests\FOTF-MediaCenter\src\lib_Files\hamcrest-core-1.3.jar;D:\Projects\FunctionalTests\FOTF-MediaCenter\src\lib_Files\hamcrest-library-1.3.jar;D:\Projects\FunctionalTests\FOTF-MediaCenter\src\lib_Files\htmlunit-2.17.jar;D:\Projects\FunctionalTests\FOTF-MediaCenter\src\lib_Files\htmlunit-2.18.jar;D:\Projects\FunctionalTests\FOTF-MediaCenter\src\lib_Files\htmlunit-core-js-2.17.jar;D:\Projects\FunctionalTests\FOTF-MediaCenter\src\lib_Files\httpclient-4.4.1.jar;D:\Projects\FunctionalTests\FOTF-MediaCenter\src\lib_Files\httpclient-4.5.1.jar;D:\Projects\FunctionalTests\FOTF-MediaCenter\src\lib_Files\httpcore-4.4.1.jar;D:\Projects\FunctionalTests\FOTF-MediaCenter\src\lib_Files\httpcore-4.4.3.jar;D:\Projects\FunctionalTests\FOTF-MediaCenter\src\lib_Files\httpmime-4.4.1.jar;D:\Projects\FunctionalTests\FOTF-MediaCenter\src\lib_Files\httpmime-4.5.jar;D:\Projects\FunctionalTests\FOTF-MediaCenter\src\lib_Files\jasper-compiler-5.5.15.jar;D:\Projects\FunctionalTests\FOTF-MediaCenter\src\lib_Files\jasper-compiler-jdt-5.5.15.jar;D:\Projects\FunctionalTests\FOTF-MediaCenter\src\lib_Files\jasper-runtime-5.5.15.jar;D:\Projects\FunctionalTests\FOTF-MediaCenter\src\lib_Files\javax.mail-1.4.4.jar;D:\Projects\FunctionalTests\FOTF-MediaCenter\src\lib_Files\javax.servlet-api-3.1.0.jar;D:\Projects\FunctionalTests\FOTF-MediaCenter\src\lib_Files\jcommander-1.29.jar;D:\Projects\FunctionalTests\FOTF-MediaCenter\src\lib_Files\jcommander-1.48.jar;D:\Projects\FunctionalTests\FOTF-MediaCenter\src\lib_Files\jetty-continuation-9.2.13.v20150730.jar;D:\Projects\FunctionalTests\FOTF-MediaCenter\src\lib_Files\jetty-http-9.2.13.v20150730.jar;D:\Projects\FunctionalTests\FOTF-MediaCenter\src\lib_Files\jetty-io-9.2.11.v20150529.jar;D:\Projects\FunctionalTests\FOTF-MediaCenter\src\lib_Files\jetty-io-9.2.13.v20150730.jar;D:\Projects\FunctionalTests\FOTF-MediaCenter\src\lib_Files\jetty-jmx-9.2.13.v20150730.jar;D:\Projects\FunctionalTests\FOTF-MediaCenter\src\lib_Files\jetty-security-9.2.13.v20150730.jar;D:\Projects\FunctionalTests\FOTF-MediaCenter\src\lib_Files\jetty-server-9.2.13.v20150730.jar;D:\Projects\FunctionalTests\FOTF-MediaCenter\src\lib_Files\jetty-servlet-9.2.13.v20150730.jar;D:\Projects\FunctionalTests\FOTF-MediaCenter\src\lib_Files\jetty-servlets-9.2.13.v20150730.jar;D:\Projects\FunctionalTests\FOTF-MediaCenter\src\lib_Files\jetty-util-9.2.11.v20150529.jar;D:\Projects\FunctionalTests\FOTF-MediaCenter\src\lib_Files\jetty-util-9.2.13.v20150730.jar;D:\Projects\FunctionalTests\FOTF-MediaCenter\src\lib_Files\jna-4.1.0.jar;D:\Projects\FunctionalTests\FOTF-MediaCenter\src\lib_Files\jna-platform-4.1.0.jar;D:\Projects\FunctionalTests\FOTF-MediaCenter\src\lib_Files\jsp-api-2.0.jar;D:\Projects\FunctionalTests\FOTF-MediaCenter\src\lib_Files\junit-4.12.jar;D:\Projects\FunctionalTests\FOTF-MediaCenter\src\lib_Files\junit-dep-4.11.jar;D:\Projects\FunctionalTests\FOTF-MediaCenter\src\lib_Files\jxl-2.6.12.jar;D:\Projects\FunctionalTests\FOTF-MediaCenter\src\lib_Files\log4j-1.2.17.jar;D:\Projects\FunctionalTests\FOTF-MediaCenter\src\lib_Files\mail.jar;D:\Projects\FunctionalTests\FOTF-MediaCenter\src\lib_Files\nekohtml-1.9.22.jar;D:\Projects\FunctionalTests\FOTF-MediaCenter\src\lib_Files\netty-3.5.7.Final.jar;D:\Projects\FunctionalTests\FOTF-MediaCenter\src\lib_Files\phantomjsdriver-1.2.1.jar;D:\Projects\FunctionalTests\FOTF-MediaCenter\src\lib_Files\poi-3.5-FINAL-20090928.jar;D:\Projects\FunctionalTests\FOTF-MediaCenter\src\lib_Files\sac-1.3.jar;D:\Projects\FunctionalTests\FOTF-MediaCenter\src\lib_Files\saxon-8.7.jar;D:\Projects\FunctionalTests\FOTF-MediaCenter\src\lib_Files\saxon8-dom.jar;D:\Projects\FunctionalTests\FOTF-MediaCenter\src\lib_Files\selenium-java-2.53.0-srcs.jar;D:\Projects\FunctionalTests\FOTF-MediaCenter\src\lib_Files\selenium-java-2.53.0.jar;D:\Projects\FunctionalTests\FOTF-MediaCenter\src\lib_Files\serializer-2.7.2.jar;D:\Projects\FunctionalTests\FOTF-MediaCenter\src\lib_Files\testng-6.9.6.jar;D:\Projects\FunctionalTests\FOTF-MediaCenter\src\lib_Files\websocket-api-9.2.13.v20150730.jar;D:\Projects\FunctionalTests\FOTF-MediaCenter\src\lib_Files\websocket-client-9.2.13.v20150730.jar;D:\Projects\FunctionalTests\FOTF-MediaCenter\src\lib_Files\websocket-common-9.2.13.v20150730.jar;D:\Projects\FunctionalTests\FOTF-MediaCenter\src\lib_Files\xalan-2.7.2.jar;D:\Projects\FunctionalTests\FOTF-MediaCenter\src\lib_Files\xercesImpl-2.11.0.jar;D:\Projects\FunctionalTests\FOTF-MediaCenter\src\lib_Files\xml-apis-1.4.01.jar'
'-sourcepath'
'D:\Projects\FunctionalTests\FOTF-MediaCenter\src'
'-target'
'1.7'
'-g'
'-source'
'1.7'

The ' characters around the executable and arguments are
not part of the command.
    [javac] Files to be compiled:
    D:\Projects\FunctionalTests\FOTF-MediaCenter\src\fotf_Config\AboutusCommonClass.java
    D:\Projects\FunctionalTests\FOTF-MediaCenter\src\fotf_Config\Basedriver.java
    D:\Projects\FunctionalTests\FOTF-MediaCenter\src\fotf_Config\Trigger.java
    D:\Projects\FunctionalTests\FOTF-MediaCenter\src\fotf_DDF\ExcelLib.java
    D:\Projects\FunctionalTests\FOTF-MediaCenter\src\fotf_DDF\XmlUtil.java
    D:\Projects\FunctionalTests\FOTF-MediaCenter\src\fotf_Datasource\Obj_Sitecore_AboutusDatasource.java
    D:\Projects\FunctionalTests\FOTF-MediaCenter\src\fotf_Datasource\Opr_AboutUsDataSourceForCarouselItems_DataProvider.java
    D:\Projects\FunctionalTests\FOTF-MediaCenter\src\fotf_Datasource\Opr_AboutUsDataSourceForChildItems_DataProvider.java
    D:\Projects\FunctionalTests\FOTF-MediaCenter\src\fotf_Datasource\Opr_AboutUsDataSourceForGrandChildItems_DataProvider.java
    D:\Projects\FunctionalTests\FOTF-MediaCenter\src\fotf_Datasource\Opr_AboutUsDataSource_DataProvider.java
    D:\Projects\FunctionalTests\FOTF-MediaCenter\src\fotf_Datasource\Opr_Sitecore_AboutusDatasource.java
    D:\Projects\FunctionalTests\FOTF-MediaCenter\src\fotf_Datasource\Opr_Sitecore_CustomInitiativeDatasource.java
    D:\Projects\FunctionalTests\FOTF-MediaCenter\src\fotf_Objects\Obj_Channel.java
    D:\Projects\FunctionalTests\FOTF-MediaCenter\src\fotf_Objects\Obj_Episode.java
    D:\Projects\FunctionalTests\FOTF-MediaCenter\src\fotf_Objects\Obj_Home.java
    D:\Projects\FunctionalTests\FOTF-MediaCenter\src\fotf_Objects\Obj_Sitecore_AboutUs.java
    D:\Projects\FunctionalTests\FOTF-MediaCenter\src\fotf_Objects\Obj_Sitecore_AboutUs_Article.java
    D:\Projects\FunctionalTests\FOTF-MediaCenter\src\fotf_Objects\Obj_Sitecore_AboutUs_FiveItem.java
    D:\Projects\FunctionalTests\FOTF-MediaCenter\src\fotf_Objects\Obj_Sitecore_AboutUs_FourItem.java
    D:\Projects\FunctionalTests\FOTF-MediaCenter\src\fotf_Objects\Obj_Sitecore_AboutUs_HeaderItem.java
    D:\Projects\FunctionalTests\FOTF-MediaCenter\src\fotf_Objects\Obj_Sitecore_AboutUs_OneItem.java
    D:\Projects\FunctionalTests\FOTF-MediaCenter\src\fotf_Objects\Obj_Sitecore_AboutUs_PageComponentHeader.java
    D:\Projects\FunctionalTests\FOTF-MediaCenter\src\fotf_Objects\Obj_Sitecore_AboutUs_Showhide.java
    D:\Projects\FunctionalTests\FOTF-MediaCenter\src\fotf_Objects\Obj_Sitecore_AboutUs_SixItem.java
    D:\Projects\FunctionalTests\FOTF-MediaCenter\src\fotf_Objects\Obj_Sitecore_AboutUs_ThreeItem.java
    D:\Projects\FunctionalTests\FOTF-MediaCenter\src\fotf_Objects\Obj_Sitecore_AboutUs_Timeline.java
    D:\Projects\FunctionalTests\FOTF-MediaCenter\src\fotf_Objects\Obj_Sitecore_AboutUs_TwoItem.java
    D:\Projects\FunctionalTests\FOTF-MediaCenter\src\fotf_Objects\Obj_Sitecore_CustomInitiative.java
    D:\Projects\FunctionalTests\FOTF-MediaCenter\src\fotf_Operations\Opr_AboutUs_AssertElement.java
    D:\Projects\FunctionalTests\FOTF-MediaCenter\src\fotf_Operations\Opr_AboutUs_AssertElement_Article.java
    D:\Projects\FunctionalTests\FOTF-MediaCenter\src\fotf_Operations\Opr_AboutUs_AssertElement_CustomInitiative.java
    D:\Projects\FunctionalTests\FOTF-MediaCenter\src\fotf_Operations\Opr_AboutUs_AssertElement_FiveItem.java
    D:\Projects\FunctionalTests\FOTF-MediaCenter\src\fotf_Operations\Opr_AboutUs_AssertElement_FourItem.java
    D:\Projects\FunctionalTests\FOTF-MediaCenter\src\fotf_Operations\Opr_AboutUs_AssertElement_HeaderItem.java
    D:\Projects\FunctionalTests\FOTF-MediaCenter\src\fotf_Operations\Opr_AboutUs_AssertElement_OneItem.java
    D:\Projects\FunctionalTests\FOTF-MediaCenter\src\fotf_Operations\Opr_AboutUs_AssertElement_PageComponentHeader.java
    D:\Projects\FunctionalTests\FOTF-MediaCenter\src\fotf_Operations\Opr_AboutUs_AssertElement_Showhide.java
    D:\Projects\FunctionalTests\FOTF-MediaCenter\src\fotf_Operations\Opr_AboutUs_AssertElement_SixItem.java
    D:\Projects\FunctionalTests\FOTF-MediaCenter\src\fotf_Operations\Opr_AboutUs_AssertElement_ThreeItem.java
    D:\Projects\FunctionalTests\FOTF-MediaCenter\src\fotf_Operations\Opr_AboutUs_AssertElement_Timeline.java
    D:\Projects\FunctionalTests\FOTF-MediaCenter\src\fotf_Operations\Opr_AboutUs_AssertElement_TwoItem.java
    D:\Projects\FunctionalTests\FOTF-MediaCenter\src\fotf_Operations\Opr_Channelpage.java
    D:\Projects\FunctionalTests\FOTF-MediaCenter\src\fotf_Operations\Opr_ContentEditor_AboutUs.java
    D:\Projects\FunctionalTests\FOTF-MediaCenter\src\fotf_Operations\Opr_Episodepage.java
    D:\Projects\FunctionalTests\FOTF-MediaCenter\src\fotf_Operations\Opr_Homepage.java
    D:\Projects\FunctionalTests\FOTF-MediaCenter\src\fotf_Operations\Opr_PageEditor_AboutUs.java
    D:\Projects\FunctionalTests\FOTF-MediaCenter\src\fotf_Operations\Opr_Sitecore_AboutUs.java
    D:\Projects\FunctionalTests\FOTF-MediaCenter\src\fotf_Operations\Opr_Sitecore_AboutUs_Assert.java
    D:\Projects\FunctionalTests\FOTF-MediaCenter\src\fotf_Testcase\AboutusPage_ContentEditor_Article.java
    D:\Projects\FunctionalTests\FOTF-MediaCenter\src\fotf_Testcase\AboutusPage_ContentEditor_CustomInitiative.java
    D:\Projects\FunctionalTests\FOTF-MediaCenter\src\fotf_Testcase\AboutusPage_ContentEditor_FiveItem.java
    D:\Projects\FunctionalTests\FOTF-MediaCenter\src\fotf_Testcase\AboutusPage_ContentEditor_FourItem.java
    D:\Projects\FunctionalTests\FOTF-MediaCenter\src\fotf_Testcase\AboutusPage_ContentEditor_Header.java
    D:\Projects\FunctionalTests\FOTF-MediaCenter\src\fotf_Testcase\AboutusPage_ContentEditor_OneItem.java
    D:\Projects\FunctionalTests\FOTF-MediaCenter\src\fotf_Testcase\AboutusPage_ContentEditor_PageComponentHeader.java
    D:\Projects\FunctionalTests\FOTF-MediaCenter\src\fotf_Testcase\AboutusPage_ContentEditor_Showhide.java
    D:\Projects\FunctionalTests\FOTF-MediaCenter\src\fotf_Testcase\AboutusPage_ContentEditor_SixItem.java
    D:\Projects\FunctionalTests\FOTF-MediaCenter\src\fotf_Testcase\AboutusPage_ContentEditor_ThreeItem.java
    D:\Projects\FunctionalTests\FOTF-MediaCenter\src\fotf_Testcase\AboutusPage_ContentEditor_Timeline.java
    D:\Projects\FunctionalTests\FOTF-MediaCenter\src\fotf_Testcase\AboutusPage_ContentEditor_TwoItem.java
    D:\Projects\FunctionalTests\FOTF-MediaCenter\src\fotf_Testcase\AboutusPage_PageEditor_Article.java
    D:\Projects\FunctionalTests\FOTF-MediaCenter\src\fotf_Testcase\AboutusPage_PageEditor_CustomInitiative.java
    D:\Projects\FunctionalTests\FOTF-MediaCenter\src\fotf_Testcase\AboutusPage_PageEditor_FiveItem.java
    D:\Projects\FunctionalTests\FOTF-MediaCenter\src\fotf_Testcase\AboutusPage_PageEditor_FourItem.java
    D:\Projects\FunctionalTests\FOTF-MediaCenter\src\fotf_Testcase\AboutusPage_PageEditor_Header.java
    D:\Projects\FunctionalTests\FOTF-MediaCenter\src\fotf_Testcase\AboutusPage_PageEditor_OneItem.java
    D:\Projects\FunctionalTests\FOTF-MediaCenter\src\fotf_Testcase\AboutusPage_PageEditor_PageComponentHeader.java
    D:\Projects\FunctionalTests\FOTF-MediaCenter\src\fotf_Testcase\AboutusPage_PageEditor_Showhide.java
    D:\Projects\FunctionalTests\FOTF-MediaCenter\src\fotf_Testcase\AboutusPage_PageEditor_SixItem.java
    D:\Projects\FunctionalTests\FOTF-MediaCenter\src\fotf_Testcase\AboutusPage_PageEditor_ThreeItem.java
    D:\Projects\FunctionalTests\FOTF-MediaCenter\src\fotf_Testcase\AboutusPage_PageEditor_Timeline.java
    D:\Projects\FunctionalTests\FOTF-MediaCenter\src\fotf_Testcase\AboutusPage_PageEditor_TwoItem.java
    D:\Projects\FunctionalTests\FOTF-MediaCenter\src\fotf_Testcase\Fotf_Channelpage.java
    D:\Projects\FunctionalTests\FOTF-MediaCenter\src\fotf_Testcase\Fotf_Episodepage.java
    D:\Projects\FunctionalTests\FOTF-MediaCenter\src\fotf_Testcase\Fotf_Homepage.java
    [javac] warning: [options] bootstrap class path not set in conjunction with -source 1.7
    [javac] Note: Some input files use unchecked or unsafe operations.
    [javac] Note: Recompile with -Xlint:unchecked for details.
    [javac] 1 warning
     [java] running fotf_Config.Trigger with default permissions (exit forbidden)
     [java] Running in same VM Executing 'fotf_Config.Trigger'
The ' characters around the executable and arguments are
not part of the command.
compile:  duration 2 seconds

run:
   [testng] Executing 'C:\Program Files\Java\jre1.8.0_91\bin\java.exe' with arguments:
'-ea'
'-Dtest.property=testpub'
'-classpath'
'D:\Projects\FunctionalTests\FOTF-MediaCenter\src\lib_Files\SaxonLiaison.jar;D:\Projects\FunctionalTests\FOTF-MediaCenter\src\lib_Files\activation.jar;D:\Projects\FunctionalTests\FOTF-MediaCenter\src\lib_Files\ant-apache-log4j.jar;D:\Projects\FunctionalTests\FOTF-MediaCenter\src\lib_Files\ant-javamail-1.9.4.jar;D:\Projects\FunctionalTests\FOTF-MediaCenter\src\lib_Files\apache-mime4j-0.6.jar;D:\Projects\FunctionalTests\FOTF-MediaCenter\src\lib_Files\bsh-1.3.0.jar;D:\Projects\FunctionalTests\FOTF-MediaCenter\src\lib_Files\bsh-2.0b4.jar;D:\Projects\FunctionalTests\FOTF-MediaCenter\src\lib_Files\cglib-nodep-2.1_3.jar;D:\Projects\FunctionalTests\FOTF-MediaCenter\src\lib_Files\commons-codec-1.10.jar;D:\Projects\FunctionalTests\FOTF-MediaCenter\src\lib_Files\commons-collections-3.2.1.jar;D:\Projects\FunctionalTests\FOTF-MediaCenter\src\lib_Files\commons-el-1.0.jar;D:\Projects\FunctionalTests\FOTF-MediaCenter\src\lib_Files\commons-exec-1.3.jar;D:\Projects\FunctionalTests\FOTF-MediaCenter\src\lib_Files\commons-io-2.4.jar;D:\Projects\FunctionalTests\FOTF-MediaCenter\src\lib_Files\commons-lang3-3.4.jar;D:\Projects\FunctionalTests\FOTF-MediaCenter\src\lib_Files\commons-logging-1.1.3.jar;D:\Projects\FunctionalTests\FOTF-MediaCenter\src\lib_Files\commons-logging-1.2.jar;D:\Projects\FunctionalTests\FOTF-MediaCenter\src\lib_Files\cssparser-0.9.16.jar;D:\Projects\FunctionalTests\FOTF-MediaCenter\src\lib_Files\gson-2.3.1.jar;D:\Projects\FunctionalTests\FOTF-MediaCenter\src\lib_Files\guava-18.0.jar;D:\Projects\FunctionalTests\FOTF-MediaCenter\src\lib_Files\hamcrest-core-1.3.jar;D:\Projects\FunctionalTests\FOTF-MediaCenter\src\lib_Files\hamcrest-library-1.3.jar;D:\Projects\FunctionalTests\FOTF-MediaCenter\src\lib_Files\htmlunit-2.17.jar;D:\Projects\FunctionalTests\FOTF-MediaCenter\src\lib_Files\htmlunit-2.18.jar;D:\Projects\FunctionalTests\FOTF-MediaCenter\src\lib_Files\htmlunit-core-js-2.17.jar;D:\Projects\FunctionalTests\FOTF-MediaCenter\src\lib_Files\httpclient-4.4.1.jar;D:\Projects\FunctionalTests\FOTF-MediaCenter\src\lib_Files\httpclient-4.5.1.jar;D:\Projects\FunctionalTests\FOTF-MediaCenter\src\lib_Files\httpcore-4.4.1.jar;D:\Projects\FunctionalTests\FOTF-MediaCenter\src\lib_Files\httpcore-4.4.3.jar;D:\Projects\FunctionalTests\FOTF-MediaCenter\src\lib_Files\httpmime-4.4.1.jar;D:\Projects\FunctionalTests\FOTF-MediaCenter\src\lib_Files\httpmime-4.5.jar;D:\Projects\FunctionalTests\FOTF-MediaCenter\src\lib_Files\jasper-compiler-5.5.15.jar;D:\Projects\FunctionalTests\FOTF-MediaCenter\src\lib_Files\jasper-compiler-jdt-5.5.15.jar;D:\Projects\FunctionalTests\FOTF-MediaCenter\src\lib_Files\jasper-runtime-5.5.15.jar;D:\Projects\FunctionalTests\FOTF-MediaCenter\src\lib_Files\javax.mail-1.4.4.jar;D:\Projects\FunctionalTests\FOTF-MediaCenter\src\lib_Files\javax.servlet-api-3.1.0.jar;D:\Projects\FunctionalTests\FOTF-MediaCenter\src\lib_Files\jcommander-1.29.jar;D:\Projects\FunctionalTests\FOTF-MediaCenter\src\lib_Files\jcommander-1.48.jar;D:\Projects\FunctionalTests\FOTF-MediaCenter\src\lib_Files\jetty-continuation-9.2.13.v20150730.jar;D:\Projects\FunctionalTests\FOTF-MediaCenter\src\lib_Files\jetty-http-9.2.13.v20150730.jar;D:\Projects\FunctionalTests\FOTF-MediaCenter\src\lib_Files\jetty-io-9.2.11.v20150529.jar;D:\Projects\FunctionalTests\FOTF-MediaCenter\src\lib_Files\jetty-io-9.2.13.v20150730.jar;D:\Projects\FunctionalTests\FOTF-MediaCenter\src\lib_Files\jetty-jmx-9.2.13.v20150730.jar;D:\Projects\FunctionalTests\FOTF-MediaCenter\src\lib_Files\jetty-security-9.2.13.v20150730.jar;D:\Projects\FunctionalTests\FOTF-MediaCenter\src\lib_Files\jetty-server-9.2.13.v20150730.jar;D:\Projects\FunctionalTests\FOTF-MediaCenter\src\lib_Files\jetty-servlet-9.2.13.v20150730.jar;D:\Projects\FunctionalTests\FOTF-MediaCenter\src\lib_Files\jetty-servlets-9.2.13.v20150730.jar;D:\Projects\FunctionalTests\FOTF-MediaCenter\src\lib_Files\jetty-util-9.2.11.v20150529.jar;D:\Projects\FunctionalTests\FOTF-MediaCenter\src\lib_Files\jetty-util-9.2.13.v20150730.jar;D:\Projects\FunctionalTests\FOTF-MediaCenter\src\lib_Files\jna-4.1.0.jar;D:\Projects\FunctionalTests\FOTF-MediaCenter\src\lib_Files\jna-platform-4.1.0.jar;D:\Projects\FunctionalTests\FOTF-MediaCenter\src\lib_Files\jsp-api-2.0.jar;D:\Projects\FunctionalTests\FOTF-MediaCenter\src\lib_Files\junit-4.12.jar;D:\Projects\FunctionalTests\FOTF-MediaCenter\src\lib_Files\junit-dep-4.11.jar;D:\Projects\FunctionalTests\FOTF-MediaCenter\src\lib_Files\jxl-2.6.12.jar;D:\Projects\FunctionalTests\FOTF-MediaCenter\src\lib_Files\log4j-1.2.17.jar;D:\Projects\FunctionalTests\FOTF-MediaCenter\src\lib_Files\mail.jar;D:\Projects\FunctionalTests\FOTF-MediaCenter\src\lib_Files\nekohtml-1.9.22.jar;D:\Projects\FunctionalTests\FOTF-MediaCenter\src\lib_Files\netty-3.5.7.Final.jar;D:\Projects\FunctionalTests\FOTF-MediaCenter\src\lib_Files\phantomjsdriver-1.2.1.jar;D:\Projects\FunctionalTests\FOTF-MediaCenter\src\lib_Files\poi-3.5-FINAL-20090928.jar;D:\Projects\FunctionalTests\FOTF-MediaCenter\src\lib_Files\sac-1.3.jar;D:\Projects\FunctionalTests\FOTF-MediaCenter\src\lib_Files\saxon-8.7.jar;D:\Projects\FunctionalTests\FOTF-MediaCenter\src\lib_Files\saxon8-dom.jar;D:\Projects\FunctionalTests\FOTF-MediaCenter\src\lib_Files\selenium-java-2.53.0-srcs.jar;D:\Projects\FunctionalTests\FOTF-MediaCenter\src\lib_Files\selenium-java-2.53.0.jar;D:\Projects\FunctionalTests\FOTF-MediaCenter\src\lib_Files\serializer-2.7.2.jar;D:\Projects\FunctionalTests\FOTF-MediaCenter\src\lib_Files\testng-6.9.6.jar;D:\Projects\FunctionalTests\FOTF-MediaCenter\src\lib_Files\websocket-api-9.2.13.v20150730.jar;D:\Projects\FunctionalTests\FOTF-MediaCenter\src\lib_Files\websocket-client-9.2.13.v20150730.jar;D:\Projects\FunctionalTests\FOTF-MediaCenter\src\lib_Files\websocket-common-9.2.13.v20150730.jar;D:\Projects\FunctionalTests\FOTF-MediaCenter\src\lib_Files\xalan-2.7.2.jar;D:\Projects\FunctionalTests\FOTF-MediaCenter\src\lib_Files\xercesImpl-2.11.0.jar;D:\Projects\FunctionalTests\FOTF-MediaCenter\src\lib_Files\xml-apis-1.4.01.jar;D:\Projects\FunctionalTests\FOTF-MediaCenter\build'
'org.testng.TestNG'
'@C:\Users\Arun\AppData\Local\Temp\testng2242487159141098627'

The ' characters around the executable and arguments are
not part of the command.
   [testng] [TestNG] Running:
   [testng]   D:\Projects\FunctionalTests\FOTF-MediaCenter\Switches\testng.xml
   [testng] 
